<?xml version="1.0" encoding="UTF-8"?>
<!-- Generated by org.testng.reporters.JUnitXMLReporter -->
<testsuite hostname="Users-MacBook-Pro.local" ignored="0" name="Test" tests="9" failures="1" timestamp="2020-05-05T10:16:17 IST" time="257.834" errors="0">
  <testcase name="searchFlightTest" time="28.91" classname="com.Tests.SearchFlightTest"/>
  <testcase name="VerifyConfirmationTest" time="36.494" classname="com.Tests.ConfirmationTest"/>
  <testcase name="selectFlightTest" time="70.981" classname="com.Tests.SelectFlightTest"/>
  <testcase name="verifyBookFlightTest" time="39.434" classname="com.Tests.BookFlightTest"/>
  <testcase name="DateTest" time="0.044" classname="com.Tests.LoginTest">
    <failure type="java.lang.AssertionError" message="Website is not showing Current Date expected [May 05, 2020] but found [May 5, 2020]">
      <![CDATA[java.lang.AssertionError: Website is not showing Current Date expected [May 05, 2020] but found [May 5, 2020]
at com.Tests.LoginTest.DateTest(LoginTest.java:51)
at java.util.ArrayList.forEach(ArrayList.java:1249)
... Removed 31 stack frames]]>
    </failure>
  </testcase> <!-- DateTest -->
  <testcase name="ImageTest" time="0.019" classname="com.Tests.LoginTest"/>
  <testcase name="loginTestCheck" time="1.979" classname="com.Tests.LoginTest"/>
  <testcase name="loginTestCheck" time="1.897" classname="com.Tests.LoginTest"/>
  <testcase name="loginTestCheck" time="57.112" classname="com.Tests.LoginTest"/>
</testsuite> <!-- Test -->
