<html>
<head>
<title>TestNG:  Test</title>
<link href="../testng.css" rel="stylesheet" type="text/css" />
<link href="../my-testng.css" rel="stylesheet" type="text/css" />

<style type="text/css">
.log { display: none;} 
.stack-trace { display: none;} 
</style>
<script type="text/javascript">
<!--
function flip(e) {
  current = e.style.display;
  if (current == 'block') {
    e.style.display = 'none';
    return 0;
  }
  else {
    e.style.display = 'block';
    return 1;
  }
}

function toggleBox(szDivId, elem, msg1, msg2)
{
  var res = -1;  if (document.getElementById) {
    res = flip(document.getElementById(szDivId));
  }
  else if (document.all) {
    // this is the way old msie versions work
    res = flip(document.all[szDivId]);
  }
  if(elem) {
    if(res == 0) elem.innerHTML = msg1; else elem.innerHTML = msg2;
  }

}

function toggleAllBoxes() {
  if (document.getElementsByTagName) {
    d = document.getElementsByTagName('div');
    for (i = 0; i < d.length; i++) {
      if (d[i].className == 'log') {
        flip(d[i]);
      }
    }
  }
}

// -->
</script>

</head>
<body>
<h2 align='center'>Test</h2><table border='1' align="center">
<tr>
<td>Tests passed/Failed/Skipped:</td><td>8/1/0</td>
</tr><tr>
<td>Started on:</td><td>Tue May 05 10:11:59 IST 2020</td>
</tr>
<tr><td>Total time:</td><td>257 seconds (257834 ms)</td>
</tr><tr>
<td>Included groups:</td><td></td>
</tr><tr>
<td>Excluded groups:</td><td></td>
</tr>
</table><p/>
<small><i>(Hover the method name to see the test class name)</i></small><p/>
<table width='100%' border='1' class='invocation-failed'>
<tr><td colspan='4' align='center'><b>FAILED TESTS</b></td></tr>
<tr><td><b>Test method</b></td>
<td width="30%"><b>Exception</b></td>
<td width="10%"><b>Time (seconds)</b></td>
<td><b>Instance</b></td>
</tr>
<tr>
<td title='com.Tests.LoginTest.DateTest()'><b>DateTest</b><br>Test class: com.Tests.LoginTest</td>
<td><div><pre>java.lang.AssertionError: Website is not showing Current Date expected [May 05, 2020] but found [May 5, 2020]
	at com.Tests.LoginTest.DateTest(LoginTest.java:51)
	at java.util.ArrayList.forEach(ArrayList.java:1249)
... Removed 31 stack frames</pre></div><a href='#' onClick='toggleBox("stack-trace1330400026", this, "Click to show all stack frames", "Click to hide stack frames")'>Click to show all stack frames</a>
<div class='stack-trace' id='stack-trace1330400026'><pre>java.lang.AssertionError: Website is not showing Current Date expected [May 05, 2020] but found [May 5, 2020]
	at org.testng.Assert.fail(Assert.java:97)
	at org.testng.Assert.assertEqualsImpl(Assert.java:136)
	at org.testng.Assert.assertEquals(Assert.java:118)
	at org.testng.Assert.assertEquals(Assert.java:575)
	at com.Tests.LoginTest.DateTest(LoginTest.java:51)
	at sun.reflect.NativeMethodAccessorImpl.invoke0(Native Method)
	at sun.reflect.NativeMethodAccessorImpl.invoke(NativeMethodAccessorImpl.java:62)
	at sun.reflect.DelegatingMethodAccessorImpl.invoke(DelegatingMethodAccessorImpl.java:43)
	at java.lang.reflect.Method.invoke(Method.java:498)
	at org.testng.internal.MethodInvocationHelper.invokeMethod(MethodInvocationHelper.java:133)
	at org.testng.internal.TestInvoker.invokeMethod(TestInvoker.java:584)
	at org.testng.internal.TestInvoker.invokeTestMethod(TestInvoker.java:172)
	at org.testng.internal.MethodRunner.runInSequence(MethodRunner.java:46)
	at org.testng.internal.TestInvoker$MethodInvocationAgent.invoke(TestInvoker.java:804)
	at org.testng.internal.TestInvoker.invokeTestMethods(TestInvoker.java:145)
	at org.testng.internal.TestMethodWorker.invokeTestMethods(TestMethodWorker.java:146)
	at org.testng.internal.TestMethodWorker.run(TestMethodWorker.java:128)
	at java.util.ArrayList.forEach(ArrayList.java:1249)
	at org.testng.TestRunner.privateRun(TestRunner.java:770)
	at org.testng.TestRunner.run(TestRunner.java:591)
	at org.testng.SuiteRunner.runTest(SuiteRunner.java:402)
	at org.testng.SuiteRunner.runSequentially(SuiteRunner.java:396)
	at org.testng.SuiteRunner.privateRun(SuiteRunner.java:355)
	at org.testng.SuiteRunner.run(SuiteRunner.java:304)
	at org.testng.SuiteRunnerWorker.runSuite(SuiteRunnerWorker.java:53)
	at org.testng.SuiteRunnerWorker.run(SuiteRunnerWorker.java:96)
	at org.testng.TestNG.runSuitesSequentially(TestNG.java:1180)
	at org.testng.TestNG.runSuitesLocally(TestNG.java:1102)
	at org.testng.TestNG.runSuites(TestNG.java:1032)
	at org.testng.TestNG.run(TestNG.java:1000)
	at org.testng.remote.AbstractRemoteTestNG.run(AbstractRemoteTestNG.java:115)
	at org.testng.remote.RemoteTestNG.initAndRun(RemoteTestNG.java:251)
	at org.testng.remote.RemoteTestNG.main(RemoteTestNG.java:77)
</pre></div></td>
<td>0</td>
<td>com.Tests.LoginTest@4b9e255</td></tr>
</table><p>
<table width='100%' border='1' class='invocation-passed'>
<tr><td colspan='4' align='center'><b>PASSED TESTS</b></td></tr>
<tr><td><b>Test method</b></td>
<td width="30%"><b>Exception</b></td>
<td width="10%"><b>Time (seconds)</b></td>
<td><b>Instance</b></td>
</tr>
<tr>
<td title='com.Tests.LoginTest.ImageTest()'><b>ImageTest</b><br>Test class: com.Tests.LoginTest<br/>
<a href="#Output-1916700921" onClick='toggleBox("Output-1916700921", this, "Show output", "Hide output");'>Show output</a>

<a href="#Output-1916700921" onClick="toggleAllBoxes();">Show all outputs</a>
<div class='log' id="Output-1916700921">
Aruba Country Image Was Found Successfully <br/>
</div>
</td>
<td></td>
<td>0</td>
<td>com.Tests.LoginTest@4b9e255</td></tr>
<tr>
<td title='com.Tests.ConfirmationTest.VerifyConfirmationTest()'><b>VerifyConfirmationTest</b><br>Test class: com.Tests.ConfirmationTest<br/>
<a href="#Output-1842853283" onClick='toggleBox("Output-1842853283", this, "Show output", "Hide output");'>Show output</a>

<a href="#Output-1842853283" onClick="toggleAllBoxes();">Show all outputs</a>
<div class='log' id="Output-1842853283">
Captured confirmationNumber is ::  Flight Confirmation # 2020-05-05021312<br/>
SignOut was successful<br/>
</div>
</td>
<td></td>
<td>36</td>
<td>com.Tests.ConfirmationTest@48a242ce</td></tr>
<tr>
<td title='com.Tests.LoginTest.loginTestCheck()'><b>loginTestCheck</b><br>Test class: com.Tests.LoginTest<br>Parameters: mercury, mercury1, invalid<br/>
<a href="#Output-1305935114" onClick='toggleBox("Output-1305935114", this, "Show output", "Hide output");'>Show output</a>

<a href="#Output-1305935114" onClick="toggleAllBoxes();">Show all outputs</a>
<div class='log' id="Output-1305935114">
Login was not successful with incorrect UserId mercury and Password mercury1<br/>
</div>
</td>
<td></td>
<td>1</td>
<td>com.Tests.LoginTest@4b9e255</td></tr>
<tr>
<td title='com.Tests.LoginTest.loginTestCheck()'><b>loginTestCheck</b><br>Test class: com.Tests.LoginTest<br>Parameters: mercury, mercury2, invalid<br/>
<a href="#Output-970419381" onClick='toggleBox("Output-970419381", this, "Show output", "Hide output");'>Show output</a>

<a href="#Output-970419381" onClick="toggleAllBoxes();">Show all outputs</a>
<div class='log' id="Output-970419381">
Login was not successful with incorrect UserId mercury and Password mercury2<br/>
</div>
</td>
<td></td>
<td>1</td>
<td>com.Tests.LoginTest@4b9e255</td></tr>
<tr>
<td title='com.Tests.LoginTest.loginTestCheck()'><b>loginTestCheck</b><br>Test class: com.Tests.LoginTest<br>Parameters: mercury, mercury, valid<br/>
<a href="#Output-1345401730" onClick='toggleBox("Output-1345401730", this, "Show output", "Hide output");'>Show output</a>

<a href="#Output-1345401730" onClick="toggleAllBoxes();">Show all outputs</a>
<div class='log' id="Output-1345401730">
Login was not successful with correct UserId mercury and Password mercury<br/>
</div>
</td>
<td></td>
<td>57</td>
<td>com.Tests.LoginTest@4b9e255</td></tr>
<tr>
<td title='com.Tests.SearchFlightTest.searchFlightTest()'><b>searchFlightTest</b><br>Test class: com.Tests.SearchFlightTest<br/>
<a href="#Output-208043846" onClick='toggleBox("Output-208043846", this, "Show output", "Hide output");'>Show output</a>

<a href="#Output-208043846" onClick="toggleAllBoxes();">Show all outputs</a>
<div class='log' id="Output-208043846">
London Place in dropdown was found successful <br/>
Search of London and Paris was Successful<br/>
</div>
</td>
<td></td>
<td>28</td>
<td>com.Tests.SearchFlightTest@1d7acb34</td></tr>
<tr>
<td title='com.Tests.SelectFlightTest.selectFlightTest()'><b>selectFlightTest</b><br>Test class: com.Tests.SelectFlightTest<br/>
<a href="#Output-968113504" onClick='toggleBox("Output-968113504", this, "Show output", "Hide output");'>Show output</a>

<a href="#Output-968113504" onClick="toggleAllBoxes();">Show all outputs</a>
<div class='log' id="Output-968113504">
The order of the flights is getting displayed in sorted order on its price<br/>
Header Colour Matches to ::- #003399<br/>
</div>
</td>
<td></td>
<td>70</td>
<td>com.Tests.SelectFlightTest@1e4a7dd4</td></tr>
<tr>
<td title='com.Tests.BookFlightTest.verifyBookFlightTest()'><b>verifyBookFlightTest</b><br>Test class: com.Tests.BookFlightTest<br/>
<a href="#Output-2106900153" onClick='toggleBox("Output-2106900153", this, "Show output", "Hide output");'>Show output</a>

<a href="#Output-2106900153" onClick="toggleAllBoxes();">Show all outputs</a>
<div class='log' id="Output-2106900153">
Successful Booking Done with Saurabh and kakkar and 9810728444 mobileNumber<br/>
</div>
</td>
<td></td>
<td>39</td>
<td>com.Tests.BookFlightTest@4f51b3e0</td></tr>
</table><p>
</body>
</html>