<?xml version="1.0" encoding="UTF-8"?>
<testng-results skipped="6" failed="2" total="9" passed="1">
  <reporter-output>
    <line>
      <![CDATA[The order of the flights is getting displayed in sorted order on its price]]>
    </line>
    <line>
      <![CDATA[Header Colour Matches to ::- #003399]]>
    </line>
  </reporter-output>
  <suite name="Suite" duration-ms="114871" started-at="2017-05-31T06:30:40Z" finished-at="2017-05-31T06:32:35Z">
    <groups>
    </groups>
    <test name="Test" duration-ms="114871" started-at="2017-05-31T06:30:40Z" finished-at="2017-05-31T06:32:35Z">
      <class name="com.sapient.Tests.SelectFlightTest">
        <test-method status="PASS" signature="setupenvi()[pri:0, instance:com.sapient.Tests.SelectFlightTest@6cdd9e27]" name="setupenvi" is-config="true" duration-ms="9836" started-at="2017-05-31T12:00:57Z" finished-at="2017-05-31T12:01:07Z">
          <reporter-output>
          </reporter-output>
        </test-method> <!-- setupenvi -->
        <test-method status="PASS" signature="selectFlightTest()[pri:0, instance:com.sapient.Tests.SelectFlightTest@6cdd9e27]" name="selectFlightTest" duration-ms="45904" started-at="2017-05-31T12:01:07Z" finished-at="2017-05-31T12:01:53Z">
          <reporter-output>
            <line>
              <![CDATA[The order of the flights is getting displayed in sorted order on its price]]>
            </line>
            <line>
              <![CDATA[Header Colour Matches to ::- #003399]]>
            </line>
          </reporter-output>
        </test-method> <!-- selectFlightTest -->
        <test-method status="PASS" signature="Tearenvir()[pri:0, instance:com.sapient.Tests.SelectFlightTest@6cdd9e27]" name="Tearenvir" is-config="true" duration-ms="1025" started-at="2017-05-31T12:01:53Z" finished-at="2017-05-31T12:01:54Z">
          <reporter-output>
          </reporter-output>
        </test-method> <!-- Tearenvir -->
      </class> <!-- com.sapient.Tests.SelectFlightTest -->
      <class name="com.sapient.Tests.LoginTest">
        <test-method status="SKIP" signature="setupenvi()[pri:0, instance:com.sapient.Tests.LoginTest@4a8f5f75]" name="setupenvi" is-config="true" duration-ms="0" started-at="2017-05-31T12:02:35Z" finished-at="2017-05-31T12:02:35Z">
          <reporter-output>
          </reporter-output>
        </test-method> <!-- setupenvi -->
        <test-method status="SKIP" signature="DateTest()[pri:0, instance:com.sapient.Tests.LoginTest@4a8f5f75]" name="DateTest" duration-ms="0" started-at="2017-05-31T12:02:35Z" finished-at="2017-05-31T12:02:35Z">
          <reporter-output>
          </reporter-output>
        </test-method> <!-- DateTest -->
        <test-method status="SKIP" signature="ImageTest()[pri:0, instance:com.sapient.Tests.LoginTest@4a8f5f75]" name="ImageTest" duration-ms="0" started-at="2017-05-31T12:02:35Z" finished-at="2017-05-31T12:02:35Z">
          <reporter-output>
          </reporter-output>
        </test-method> <!-- ImageTest -->
        <test-method status="SKIP" signature="loginTestCheck(java.lang.String, java.lang.String, java.lang.String)[pri:0, instance:com.sapient.Tests.LoginTest@4a8f5f75]" name="loginTestCheck" duration-ms="1" started-at="2017-05-31T12:02:35Z" data-provider="users" finished-at="2017-05-31T12:02:35Z">
          <params>
            <param index="0">
              <value>
                <![CDATA[mercury]]>
              </value>
            </param>
            <param index="1">
              <value>
                <![CDATA[mercury1]]>
              </value>
            </param>
            <param index="2">
              <value>
                <![CDATA[invalid]]>
              </value>
            </param>
          </params>
          <reporter-output>
          </reporter-output>
        </test-method> <!-- loginTestCheck -->
        <test-method status="SKIP" signature="Tearenvir()[pri:0, instance:com.sapient.Tests.LoginTest@4a8f5f75]" name="Tearenvir" is-config="true" duration-ms="0" started-at="2017-05-31T12:02:35Z" finished-at="2017-05-31T12:02:35Z">
          <reporter-output>
          </reporter-output>
        </test-method> <!-- Tearenvir -->
        <test-method status="SKIP" signature="loginTestCheck(java.lang.String, java.lang.String, java.lang.String)[pri:0, instance:com.sapient.Tests.LoginTest@4a8f5f75]" name="loginTestCheck" duration-ms="0" started-at="2017-05-31T12:02:35Z" data-provider="users" finished-at="2017-05-31T12:02:35Z">
          <params>
            <param index="0">
              <value>
                <![CDATA[mercury]]>
              </value>
            </param>
            <param index="1">
              <value>
                <![CDATA[mercury]]>
              </value>
            </param>
            <param index="2">
              <value>
                <![CDATA[valid]]>
              </value>
            </param>
          </params>
          <reporter-output>
          </reporter-output>
        </test-method> <!-- loginTestCheck -->
        <test-method status="SKIP" signature="loginTestCheck(java.lang.String, java.lang.String, java.lang.String)[pri:0, instance:com.sapient.Tests.LoginTest@4a8f5f75]" name="loginTestCheck" duration-ms="0" started-at="2017-05-31T12:02:35Z" data-provider="users" finished-at="2017-05-31T12:02:35Z">
          <params>
            <param index="0">
              <value>
                <![CDATA[mercury]]>
              </value>
            </param>
            <param index="1">
              <value>
                <![CDATA[mercury2]]>
              </value>
            </param>
            <param index="2">
              <value>
                <![CDATA[invalid]]>
              </value>
            </param>
          </params>
          <reporter-output>
          </reporter-output>
        </test-method> <!-- loginTestCheck -->
      </class> <!-- com.sapient.Tests.LoginTest -->
      <class name="com.sapient.Tests.ConfirmationTest">
        <test-method status="PASS" signature="setupenvi()[pri:0, instance:com.sapient.Tests.ConfirmationTest@704f66ab]" name="setupenvi" is-config="true" duration-ms="9466" started-at="2017-05-31T12:01:54Z" finished-at="2017-05-31T12:02:03Z">
          <reporter-output>
          </reporter-output>
        </test-method> <!-- setupenvi -->
        <test-method status="FAIL" signature="VerifyConfirmationTest()[pri:0, instance:com.sapient.Tests.ConfirmationTest@704f66ab]" name="VerifyConfirmationTest" duration-ms="22021" started-at="2017-05-31T12:02:03Z" finished-at="2017-05-31T12:02:25Z">
          <exception class="org.openqa.selenium.NoSuchWindowException">
            <message>
              <![CDATA[Unable to find element on closed window (WARNING: The server did not provide any stacktrace information)
Command duration or timeout: 27 milliseconds
Build info: version: '2.45.0', revision: '5017cb8e7ca8e37638dc3091b2440b90a1d8686f', time: '2015-02-27 09:10:26'
System info: host: 'dluskakk358121', ip: '192.168.56.1', os.name: 'Windows 7', os.arch: 'amd64', os.version: '6.1', java.version: '1.7.0_79'
*** Element info: {Using=xpath, value=//*[@name='fromPort']}
Session ID: bbf71751-a44e-4292-9e1a-252c75e8dbdb
Driver info: org.openqa.selenium.ie.InternetExplorerDriver
Capabilities [{platform=WINDOWS, javascriptEnabled=true, elementScrollBehavior=0, ignoreZoomSetting=true, enablePersistentHover=true, ie.ensureCleanSession=true, browserName=internet explorer, enableElementCacheCleanup=true, unexpectedAlertBehaviour=dismiss, version=8, pageLoadStrategy=normal, ie.usePerProcessProxy=false, cssSelectorsEnabled=true, ignoreProtectedModeSettings=true, requireWindowFocus=false, initialBrowserUrl=http://localhost:31554/, handlesAlerts=true, ie.forceCreateProcessApi=false, nativeEvents=true, browserAttachTimeout=0, ie.browserCommandLineSwitches=, takesScreenshot=true}]]]>
            </message>
            <full-stacktrace>
              <![CDATA[org.openqa.selenium.NoSuchWindowException: Unable to find element on closed window (WARNING: The server did not provide any stacktrace information)
Command duration or timeout: 27 milliseconds
Build info: version: '2.45.0', revision: '5017cb8e7ca8e37638dc3091b2440b90a1d8686f', time: '2015-02-27 09:10:26'
System info: host: 'dluskakk358121', ip: '192.168.56.1', os.name: 'Windows 7', os.arch: 'amd64', os.version: '6.1', java.version: '1.7.0_79'
*** Element info: {Using=xpath, value=//*[@name='fromPort']}
Session ID: bbf71751-a44e-4292-9e1a-252c75e8dbdb
Driver info: org.openqa.selenium.ie.InternetExplorerDriver
Capabilities [{platform=WINDOWS, javascriptEnabled=true, elementScrollBehavior=0, ignoreZoomSetting=true, enablePersistentHover=true, ie.ensureCleanSession=true, browserName=internet explorer, enableElementCacheCleanup=true, unexpectedAlertBehaviour=dismiss, version=8, pageLoadStrategy=normal, ie.usePerProcessProxy=false, cssSelectorsEnabled=true, ignoreProtectedModeSettings=true, requireWindowFocus=false, initialBrowserUrl=http://localhost:31554/, handlesAlerts=true, ie.forceCreateProcessApi=false, nativeEvents=true, browserAttachTimeout=0, ie.browserCommandLineSwitches=, takesScreenshot=true}]
	at sun.reflect.NativeConstructorAccessorImpl.newInstance0(Native Method)
	at sun.reflect.NativeConstructorAccessorImpl.newInstance(Unknown Source)
	at sun.reflect.DelegatingConstructorAccessorImpl.newInstance(Unknown Source)
	at java.lang.reflect.Constructor.newInstance(Unknown Source)
	at org.openqa.selenium.remote.ErrorHandler.createThrowable(ErrorHandler.java:204)
	at org.openqa.selenium.remote.ErrorHandler.throwIfResponseFailed(ErrorHandler.java:156)
	at org.openqa.selenium.remote.RemoteWebDriver.execute(RemoteWebDriver.java:599)
	at org.openqa.selenium.remote.RemoteWebDriver.findElement(RemoteWebDriver.java:352)
	at org.openqa.selenium.remote.RemoteWebDriver.findElementByXPath(RemoteWebDriver.java:449)
	at org.openqa.selenium.By$ByXPath.findElement(By.java:357)
	at org.openqa.selenium.remote.RemoteWebDriver.findElement(RemoteWebDriver.java:344)
	at org.openqa.selenium.support.pagefactory.DefaultElementLocator.findElement(DefaultElementLocator.java:59)
	at org.openqa.selenium.support.pagefactory.internal.LocatingElementHandler.invoke(LocatingElementHandler.java:37)
	at com.sun.proxy.$Proxy6.getTagName(Unknown Source)
	at org.openqa.selenium.support.ui.Select.<init>(Select.java:43)
	at com.sapient.Pages.SearchFlightPage.search(SearchFlightPage.java:48)
	at com.sapient.Tests.ConfirmationTest.VerifyConfirmationTest(ConfirmationTest.java:22)
	at sun.reflect.NativeMethodAccessorImpl.invoke0(Native Method)
	at sun.reflect.NativeMethodAccessorImpl.invoke(Unknown Source)
	at sun.reflect.DelegatingMethodAccessorImpl.invoke(Unknown Source)
	at java.lang.reflect.Method.invoke(Unknown Source)
	at org.testng.internal.MethodInvocationHelper.invokeMethod(MethodInvocationHelper.java:80)
	at org.testng.internal.Invoker.invokeMethod(Invoker.java:714)
	at org.testng.internal.Invoker.invokeTestMethod(Invoker.java:901)
	at org.testng.internal.Invoker.invokeTestMethods(Invoker.java:1231)
	at org.testng.internal.TestMethodWorker.invokeTestMethods(TestMethodWorker.java:127)
	at org.testng.internal.TestMethodWorker.run(TestMethodWorker.java:111)
	at org.testng.TestRunner.privateRun(TestRunner.java:767)
	at org.testng.TestRunner.run(TestRunner.java:617)
	at org.testng.SuiteRunner.runTest(SuiteRunner.java:334)
	at org.testng.SuiteRunner.runSequentially(SuiteRunner.java:329)
	at org.testng.SuiteRunner.privateRun(SuiteRunner.java:291)
	at org.testng.SuiteRunner.run(SuiteRunner.java:240)
	at org.testng.SuiteRunnerWorker.runSuite(SuiteRunnerWorker.java:52)
	at org.testng.SuiteRunnerWorker.run(SuiteRunnerWorker.java:86)
	at org.testng.TestNG.runSuitesSequentially(TestNG.java:1198)
	at org.testng.TestNG.runSuitesLocally(TestNG.java:1123)
	at org.testng.TestNG.run(TestNG.java:1031)
	at org.apache.maven.surefire.testng.TestNGExecutor.run(TestNGExecutor.java:295)
	at org.apache.maven.surefire.testng.TestNGXmlTestSuite.execute(TestNGXmlTestSuite.java:84)
	at org.apache.maven.surefire.testng.TestNGProvider.invoke(TestNGProvider.java:90)
	at org.apache.maven.surefire.booter.ForkedBooter.invokeProviderInSameClassLoader(ForkedBooter.java:203)
	at org.apache.maven.surefire.booter.ForkedBooter.runSuitesInProcess(ForkedBooter.java:155)
	at org.apache.maven.surefire.booter.ForkedBooter.main(ForkedBooter.java:103)
]]>
            </full-stacktrace>
          </exception> <!-- org.openqa.selenium.NoSuchWindowException -->
          <reporter-output>
          </reporter-output>
        </test-method> <!-- VerifyConfirmationTest -->
        <test-method status="PASS" signature="Tearenvir()[pri:0, instance:com.sapient.Tests.ConfirmationTest@704f66ab]" name="Tearenvir" is-config="true" duration-ms="1011" started-at="2017-05-31T12:02:25Z" finished-at="2017-05-31T12:02:26Z">
          <reporter-output>
          </reporter-output>
        </test-method> <!-- Tearenvir -->
      </class> <!-- com.sapient.Tests.ConfirmationTest -->
      <class name="com.sapient.Tests.SearchFlightTest">
        <test-method status="PASS" signature="setupenvi()[pri:0, instance:com.sapient.Tests.SearchFlightTest@50f8963c]" name="setupenvi" is-config="true" duration-ms="10094" started-at="2017-05-31T12:00:40Z" finished-at="2017-05-31T12:00:50Z">
          <reporter-output>
          </reporter-output>
        </test-method> <!-- setupenvi -->
        <test-method status="FAIL" signature="searchFlightTest()[pri:0, instance:com.sapient.Tests.SearchFlightTest@50f8963c]" name="searchFlightTest" duration-ms="5607" started-at="2017-05-31T12:00:50Z" finished-at="2017-05-31T12:00:56Z">
          <exception class="org.openqa.selenium.NoSuchWindowException">
            <message>
              <![CDATA[Unable to find element on closed window (WARNING: The server did not provide any stacktrace information)
Command duration or timeout: 16 milliseconds
Build info: version: '2.45.0', revision: '5017cb8e7ca8e37638dc3091b2440b90a1d8686f', time: '2015-02-27 09:10:26'
System info: host: 'dluskakk358121', ip: '192.168.56.1', os.name: 'Windows 7', os.arch: 'amd64', os.version: '6.1', java.version: '1.7.0_79'
*** Element info: {Using=xpath, value=//*[@name='fromPort']}
Session ID: 99e2ef2e-962c-4a2c-b8d0-f90be5f0f313
Driver info: org.openqa.selenium.ie.InternetExplorerDriver
Capabilities [{platform=WINDOWS, javascriptEnabled=true, elementScrollBehavior=0, ignoreZoomSetting=true, enablePersistentHover=true, ie.ensureCleanSession=true, browserName=internet explorer, enableElementCacheCleanup=true, unexpectedAlertBehaviour=dismiss, version=8, pageLoadStrategy=normal, ie.usePerProcessProxy=false, cssSelectorsEnabled=true, ignoreProtectedModeSettings=true, requireWindowFocus=false, initialBrowserUrl=http://localhost:37671/, handlesAlerts=true, ie.forceCreateProcessApi=false, nativeEvents=true, browserAttachTimeout=0, ie.browserCommandLineSwitches=, takesScreenshot=true}]]]>
            </message>
            <full-stacktrace>
              <![CDATA[org.openqa.selenium.NoSuchWindowException: Unable to find element on closed window (WARNING: The server did not provide any stacktrace information)
Command duration or timeout: 16 milliseconds
Build info: version: '2.45.0', revision: '5017cb8e7ca8e37638dc3091b2440b90a1d8686f', time: '2015-02-27 09:10:26'
System info: host: 'dluskakk358121', ip: '192.168.56.1', os.name: 'Windows 7', os.arch: 'amd64', os.version: '6.1', java.version: '1.7.0_79'
*** Element info: {Using=xpath, value=//*[@name='fromPort']}
Session ID: 99e2ef2e-962c-4a2c-b8d0-f90be5f0f313
Driver info: org.openqa.selenium.ie.InternetExplorerDriver
Capabilities [{platform=WINDOWS, javascriptEnabled=true, elementScrollBehavior=0, ignoreZoomSetting=true, enablePersistentHover=true, ie.ensureCleanSession=true, browserName=internet explorer, enableElementCacheCleanup=true, unexpectedAlertBehaviour=dismiss, version=8, pageLoadStrategy=normal, ie.usePerProcessProxy=false, cssSelectorsEnabled=true, ignoreProtectedModeSettings=true, requireWindowFocus=false, initialBrowserUrl=http://localhost:37671/, handlesAlerts=true, ie.forceCreateProcessApi=false, nativeEvents=true, browserAttachTimeout=0, ie.browserCommandLineSwitches=, takesScreenshot=true}]
	at sun.reflect.NativeConstructorAccessorImpl.newInstance0(Native Method)
	at sun.reflect.NativeConstructorAccessorImpl.newInstance(Unknown Source)
	at sun.reflect.DelegatingConstructorAccessorImpl.newInstance(Unknown Source)
	at java.lang.reflect.Constructor.newInstance(Unknown Source)
	at org.openqa.selenium.remote.ErrorHandler.createThrowable(ErrorHandler.java:204)
	at org.openqa.selenium.remote.ErrorHandler.throwIfResponseFailed(ErrorHandler.java:156)
	at org.openqa.selenium.remote.RemoteWebDriver.execute(RemoteWebDriver.java:599)
	at org.openqa.selenium.remote.RemoteWebDriver.findElement(RemoteWebDriver.java:352)
	at org.openqa.selenium.remote.RemoteWebDriver.findElementByXPath(RemoteWebDriver.java:449)
	at org.openqa.selenium.By$ByXPath.findElement(By.java:357)
	at org.openqa.selenium.remote.RemoteWebDriver.findElement(RemoteWebDriver.java:344)
	at org.openqa.selenium.support.pagefactory.DefaultElementLocator.findElement(DefaultElementLocator.java:59)
	at org.openqa.selenium.support.pagefactory.internal.LocatingElementHandler.invoke(LocatingElementHandler.java:37)
	at com.sun.proxy.$Proxy6.getTagName(Unknown Source)
	at org.openqa.selenium.support.ui.Select.<init>(Select.java:43)
	at com.sapient.Pages.SearchFlightPage.getDepartingPorts(SearchFlightPage.java:42)
	at com.sapient.Tests.SearchFlightTest.searchFlightTest(SearchFlightTest.java:23)
	at sun.reflect.NativeMethodAccessorImpl.invoke0(Native Method)
	at sun.reflect.NativeMethodAccessorImpl.invoke(Unknown Source)
	at sun.reflect.DelegatingMethodAccessorImpl.invoke(Unknown Source)
	at java.lang.reflect.Method.invoke(Unknown Source)
	at org.testng.internal.MethodInvocationHelper.invokeMethod(MethodInvocationHelper.java:80)
	at org.testng.internal.Invoker.invokeMethod(Invoker.java:714)
	at org.testng.internal.Invoker.invokeTestMethod(Invoker.java:901)
	at org.testng.internal.Invoker.invokeTestMethods(Invoker.java:1231)
	at org.testng.internal.TestMethodWorker.invokeTestMethods(TestMethodWorker.java:127)
	at org.testng.internal.TestMethodWorker.run(TestMethodWorker.java:111)
	at org.testng.TestRunner.privateRun(TestRunner.java:767)
	at org.testng.TestRunner.run(TestRunner.java:617)
	at org.testng.SuiteRunner.runTest(SuiteRunner.java:334)
	at org.testng.SuiteRunner.runSequentially(SuiteRunner.java:329)
	at org.testng.SuiteRunner.privateRun(SuiteRunner.java:291)
	at org.testng.SuiteRunner.run(SuiteRunner.java:240)
	at org.testng.SuiteRunnerWorker.runSuite(SuiteRunnerWorker.java:52)
	at org.testng.SuiteRunnerWorker.run(SuiteRunnerWorker.java:86)
	at org.testng.TestNG.runSuitesSequentially(TestNG.java:1198)
	at org.testng.TestNG.runSuitesLocally(TestNG.java:1123)
	at org.testng.TestNG.run(TestNG.java:1031)
	at org.apache.maven.surefire.testng.TestNGExecutor.run(TestNGExecutor.java:295)
	at org.apache.maven.surefire.testng.TestNGXmlTestSuite.execute(TestNGXmlTestSuite.java:84)
	at org.apache.maven.surefire.testng.TestNGProvider.invoke(TestNGProvider.java:90)
	at org.apache.maven.surefire.booter.ForkedBooter.invokeProviderInSameClassLoader(ForkedBooter.java:203)
	at org.apache.maven.surefire.booter.ForkedBooter.runSuitesInProcess(ForkedBooter.java:155)
	at org.apache.maven.surefire.booter.ForkedBooter.main(ForkedBooter.java:103)
]]>
            </full-stacktrace>
          </exception> <!-- org.openqa.selenium.NoSuchWindowException -->
          <reporter-output>
          </reporter-output>
        </test-method> <!-- searchFlightTest -->
        <test-method status="PASS" signature="Tearenvir()[pri:0, instance:com.sapient.Tests.SearchFlightTest@50f8963c]" name="Tearenvir" is-config="true" duration-ms="1024" started-at="2017-05-31T12:00:56Z" finished-at="2017-05-31T12:00:57Z">
          <reporter-output>
          </reporter-output>
        </test-method> <!-- Tearenvir -->
      </class> <!-- com.sapient.Tests.SearchFlightTest -->
      <class name="com.sapient.Tests.BookFlightTest">
        <test-method status="FAIL" signature="setupenvi()[pri:0, instance:com.sapient.Tests.BookFlightTest@8960882]" name="setupenvi" is-config="true" duration-ms="0" started-at="2017-05-31T12:02:26Z" finished-at="2017-05-31T12:02:26Z">
          <exception class="org.openqa.selenium.NoSuchWindowException">
            <message>
              <![CDATA[Error retrieving window with handle current (WARNING: The server did not provide any stacktrace information)
Command duration or timeout: 14 milliseconds
Build info: version: '2.45.0', revision: '5017cb8e7ca8e37638dc3091b2440b90a1d8686f', time: '2015-02-27 09:10:26'
System info: host: 'dluskakk358121', ip: '192.168.56.1', os.name: 'Windows 7', os.arch: 'amd64', os.version: '6.1', java.version: '1.7.0_79'
Session ID: 437787b4-00b5-4cbe-86d7-a7b7add9ae8e
Driver info: org.openqa.selenium.ie.InternetExplorerDriver
Capabilities [{platform=WINDOWS, javascriptEnabled=true, elementScrollBehavior=0, ignoreZoomSetting=true, enablePersistentHover=true, ie.ensureCleanSession=true, browserName=internet explorer, enableElementCacheCleanup=true, unexpectedAlertBehaviour=dismiss, version=8, pageLoadStrategy=normal, ie.usePerProcessProxy=false, cssSelectorsEnabled=true, ignoreProtectedModeSettings=true, requireWindowFocus=false, initialBrowserUrl=http://localhost:42650/, handlesAlerts=true, ie.forceCreateProcessApi=false, nativeEvents=true, browserAttachTimeout=0, ie.browserCommandLineSwitches=, takesScreenshot=true}]]]>
            </message>
            <full-stacktrace>
              <![CDATA[org.openqa.selenium.NoSuchWindowException: Error retrieving window with handle current (WARNING: The server did not provide any stacktrace information)
Command duration or timeout: 14 milliseconds
Build info: version: '2.45.0', revision: '5017cb8e7ca8e37638dc3091b2440b90a1d8686f', time: '2015-02-27 09:10:26'
System info: host: 'dluskakk358121', ip: '192.168.56.1', os.name: 'Windows 7', os.arch: 'amd64', os.version: '6.1', java.version: '1.7.0_79'
Session ID: 437787b4-00b5-4cbe-86d7-a7b7add9ae8e
Driver info: org.openqa.selenium.ie.InternetExplorerDriver
Capabilities [{platform=WINDOWS, javascriptEnabled=true, elementScrollBehavior=0, ignoreZoomSetting=true, enablePersistentHover=true, ie.ensureCleanSession=true, browserName=internet explorer, enableElementCacheCleanup=true, unexpectedAlertBehaviour=dismiss, version=8, pageLoadStrategy=normal, ie.usePerProcessProxy=false, cssSelectorsEnabled=true, ignoreProtectedModeSettings=true, requireWindowFocus=false, initialBrowserUrl=http://localhost:42650/, handlesAlerts=true, ie.forceCreateProcessApi=false, nativeEvents=true, browserAttachTimeout=0, ie.browserCommandLineSwitches=, takesScreenshot=true}]
	at sun.reflect.NativeConstructorAccessorImpl.newInstance0(Native Method)
	at sun.reflect.NativeConstructorAccessorImpl.newInstance(Unknown Source)
	at sun.reflect.DelegatingConstructorAccessorImpl.newInstance(Unknown Source)
	at java.lang.reflect.Constructor.newInstance(Unknown Source)
	at org.openqa.selenium.remote.ErrorHandler.createThrowable(ErrorHandler.java:204)
	at org.openqa.selenium.remote.ErrorHandler.throwIfResponseFailed(ErrorHandler.java:156)
	at org.openqa.selenium.remote.RemoteWebDriver.execute(RemoteWebDriver.java:599)
	at org.openqa.selenium.remote.RemoteWebDriver$RemoteWebDriverOptions$RemoteWindow.maximize(RemoteWebDriver.java:837)
	at com.sapient.DriverClass.DriverClass.getDriver(DriverClass.java:44)
	at com.sapient.Tests.BaseTest.init(BaseTest.java:52)
	at com.sapient.Tests.BaseTest.setupenvi(BaseTest.java:29)
	at sun.reflect.NativeMethodAccessorImpl.invoke0(Native Method)
	at sun.reflect.NativeMethodAccessorImpl.invoke(Unknown Source)
	at sun.reflect.DelegatingMethodAccessorImpl.invoke(Unknown Source)
	at java.lang.reflect.Method.invoke(Unknown Source)
	at org.testng.internal.MethodInvocationHelper.invokeMethod(MethodInvocationHelper.java:80)
	at org.testng.internal.Invoker.invokeConfigurationMethod(Invoker.java:564)
	at org.testng.internal.Invoker.invokeConfigurations(Invoker.java:213)
	at org.testng.internal.Invoker.invokeConfigurations(Invoker.java:138)
	at org.testng.internal.TestMethodWorker.invokeBeforeClassMethods(TestMethodWorker.java:175)
	at org.testng.internal.TestMethodWorker.run(TestMethodWorker.java:107)
	at org.testng.TestRunner.privateRun(TestRunner.java:767)
	at org.testng.TestRunner.run(TestRunner.java:617)
	at org.testng.SuiteRunner.runTest(SuiteRunner.java:334)
	at org.testng.SuiteRunner.runSequentially(SuiteRunner.java:329)
	at org.testng.SuiteRunner.privateRun(SuiteRunner.java:291)
	at org.testng.SuiteRunner.run(SuiteRunner.java:240)
	at org.testng.SuiteRunnerWorker.runSuite(SuiteRunnerWorker.java:52)
	at org.testng.SuiteRunnerWorker.run(SuiteRunnerWorker.java:86)
	at org.testng.TestNG.runSuitesSequentially(TestNG.java:1198)
	at org.testng.TestNG.runSuitesLocally(TestNG.java:1123)
	at org.testng.TestNG.run(TestNG.java:1031)
	at org.apache.maven.surefire.testng.TestNGExecutor.run(TestNGExecutor.java:295)
	at org.apache.maven.surefire.testng.TestNGXmlTestSuite.execute(TestNGXmlTestSuite.java:84)
	at org.apache.maven.surefire.testng.TestNGProvider.invoke(TestNGProvider.java:90)
	at org.apache.maven.surefire.booter.ForkedBooter.invokeProviderInSameClassLoader(ForkedBooter.java:203)
	at org.apache.maven.surefire.booter.ForkedBooter.runSuitesInProcess(ForkedBooter.java:155)
	at org.apache.maven.surefire.booter.ForkedBooter.main(ForkedBooter.java:103)
]]>
            </full-stacktrace>
          </exception> <!-- org.openqa.selenium.NoSuchWindowException -->
          <reporter-output>
          </reporter-output>
        </test-method> <!-- setupenvi -->
        <test-method status="SKIP" signature="Tearenvir()[pri:0, instance:com.sapient.Tests.BookFlightTest@8960882]" name="Tearenvir" is-config="true" duration-ms="0" started-at="2017-05-31T12:02:35Z" finished-at="2017-05-31T12:02:35Z">
          <reporter-output>
          </reporter-output>
        </test-method> <!-- Tearenvir -->
        <test-method status="SKIP" signature="verifyBookFlightTest()[pri:0, instance:com.sapient.Tests.BookFlightTest@8960882]" name="verifyBookFlightTest" duration-ms="0" started-at="2017-05-31T12:02:35Z" finished-at="2017-05-31T12:02:35Z">
          <reporter-output>
          </reporter-output>
        </test-method> <!-- verifyBookFlightTest -->
      </class> <!-- com.sapient.Tests.BookFlightTest -->
    </test> <!-- Test -->
  </suite> <!-- Suite -->
</testng-results>
